[ 2015-12-09T02:22:17+08:00 ] 127.0.0.1 /index.php/Admin/Index/Public/images/menu_minus.gif
INFO: [ app_init ] --START--
INFO: Run Behavior\BuildLiteBehavior [ RunTime:0.000024s ]
INFO: [ app_init ] --END-- [ RunTime:0.000916s ]

[ 2015-12-09T03:10:56+08:00 ] 127.0.0.1 /index.php/home/index/__PUBLIB__/Uploads/Article/2015-12-08/sam_566613d7456b1.jpg
INFO: [ app_init ] --START--
INFO: Run Behavior\BuildLiteBehavior [ RunTime:0.000020s ]
INFO: [ app_init ] --END-- [ RunTime:0.000682s ]

[ 2015-12-09T03:10:56+08:00 ] 127.0.0.1 /index.php/home/index/__PUBLIB__/Uploads/Article/2015-12-08/sam_5666161fcb80f.jpg
INFO: [ app_init ] --START--
INFO: Run Behavior\BuildLiteBehavior [ RunTime:0.000019s ]
INFO: [ app_init ] --END-- [ RunTime:0.000627s ]

[ 2015-12-09T03:10:56+08:00 ] 127.0.0.1 /index.php/home/index/Public/Uploads/User/2015-12-08/5666134a7c870.jpg
INFO: [ app_init ] --START--
INFO: Run Behavior\BuildLiteBehavior [ RunTime:0.000022s ]
INFO: [ app_init ] --END-- [ RunTime:0.000965s ]

[ 2015-12-09T03:11:00+08:00 ] 127.0.0.1 /index.php/__PUBLIB__/Uploads/Article/2015-12-08/sam_566613d7456b1.jpg
INFO: [ app_init ] --START--
INFO: Run Behavior\BuildLiteBehavior [ RunTime:0.000026s ]
INFO: [ app_init ] --END-- [ RunTime:0.000885s ]
ERR: 无法加载模块:__PUBLIB__

[ 2015-12-09T03:11:01+08:00 ] 127.0.0.1 /index.php/Public/Uploads/User/2015-12-08/5666134a7c870.jpg
INFO: [ app_init ] --START--
INFO: Run Behavior\BuildLiteBehavior [ RunTime:0.000055s ]
INFO: [ app_init ] --END-- [ RunTime:0.000944s ]
ERR: 无法加载模块:Public

[ 2015-12-09T03:11:15+08:00 ] 127.0.0.1 /index.php/Public/Uploads/User/2015-12-08/5666134a7c870.jpg
INFO: [ app_init ] --START--
INFO: Run Behavior\BuildLiteBehavior [ RunTime:0.000022s ]
INFO: [ app_init ] --END-- [ RunTime:0.000785s ]
ERR: 无法加载模块:Public

[ 2015-12-09T03:24:16+08:00 ] 127.0.0.1 /index.php/__PUBLIB__/Uploads/Article/2015-12-08/sam_5666161fcb80f.jpg
INFO: [ app_init ] --START--
INFO: Run Behavior\BuildLiteBehavior [ RunTime:0.000021s ]
INFO: [ app_init ] --END-- [ RunTime:0.000766s ]
ERR: 无法加载模块:__PUBLIB__

[ 2015-12-09T03:24:16+08:00 ] 127.0.0.1 /index.php/__PUBLIB__/Uploads/Article/2015-12-08/sam_566613d7456b1.jpg
INFO: [ app_init ] --START--
INFO: Run Behavior\BuildLiteBehavior [ RunTime:0.000019s ]
INFO: [ app_init ] --END-- [ RunTime:0.000631s ]
ERR: 无法加载模块:__PUBLIB__

[ 2015-12-09T03:24:16+08:00 ] 127.0.0.1 /index.php/Public/Uploads/User/2015-12-08/5666134a7c870.jpg
INFO: [ app_init ] --START--
INFO: Run Behavior\BuildLiteBehavior [ RunTime:0.000023s ]
INFO: [ app_init ] --END-- [ RunTime:0.000717s ]
ERR: 无法加载模块:Public

[ 2015-12-09T03:24:31+08:00 ] 127.0.0.1 /index.php/Public/Uploads/User/2015-12-08/5666134a7c870.jpg
INFO: [ app_init ] --START--
INFO: Run Behavior\BuildLiteBehavior [ RunTime:0.000025s ]
INFO: [ app_init ] --END-- [ RunTime:0.006396s ]
ERR: 无法加载模块:Public

[ 2015-12-09T03:24:31+08:00 ] 127.0.0.1 /index.php/__PUBLIB__/Uploads/Article/2015-12-08/sam_5666161fcb80f.jpg
INFO: [ app_init ] --START--
INFO: Run Behavior\BuildLiteBehavior [ RunTime:0.000018s ]
INFO: [ app_init ] --END-- [ RunTime:0.000713s ]
ERR: 无法加载模块:__PUBLIB__

[ 2015-12-09T03:24:31+08:00 ] 127.0.0.1 /index.php/__PUBLIB__/Uploads/Article/2015-12-08/sam_566613d7456b1.jpg
INFO: [ app_init ] --START--
INFO: Run Behavior\BuildLiteBehavior [ RunTime:0.000021s ]
INFO: [ app_init ] --END-- [ RunTime:0.001267s ]
ERR: 无法加载模块:__PUBLIB__

[ 2015-12-09T03:25:09+08:00 ] 127.0.0.1 /index.php/__PUBLIB__/Uploads/Article/2015-12-08/sam_566613d7456b1.jpg
INFO: [ app_init ] --START--
INFO: Run Behavior\BuildLiteBehavior [ RunTime:0.000022s ]
INFO: [ app_init ] --END-- [ RunTime:0.000738s ]
ERR: 无法加载模块:__PUBLIB__

[ 2015-12-09T03:25:09+08:00 ] 127.0.0.1 /index.php/__PUBLIB__/Uploads/Article/2015-12-08/sam_5666161fcb80f.jpg
INFO: [ app_init ] --START--
INFO: Run Behavior\BuildLiteBehavior [ RunTime:0.000021s ]
INFO: [ app_init ] --END-- [ RunTime:0.000639s ]
ERR: 无法加载模块:__PUBLIB__

[ 2015-12-09T18:48:35+08:00 ] 127.0.0.1 /index.php/Admin/Index/Public/images/menu_minus.gif
INFO: [ app_init ] --START--
INFO: Run Behavior\BuildLiteBehavior [ RunTime:0.000019s ]
INFO: [ app_init ] --END-- [ RunTime:0.000606s ]

[ 2015-12-09T21:20:51+08:00 ] 127.0.0.1 /index.php/Admin/images/top_loader.gif
INFO: [ app_init ] --START--
INFO: Run Behavior\BuildLiteBehavior [ RunTime:0.000020s ]
INFO: [ app_init ] --END-- [ RunTime:0.000654s ]

[ 2015-12-09T21:20:51+08:00 ] 127.0.0.1 /index.php/Admin/images/menu_minus.gif
INFO: [ app_init ] --START--
INFO: Run Behavior\BuildLiteBehavior [ RunTime:0.000023s ]
INFO: [ app_init ] --END-- [ RunTime:0.000681s ]

[ 2015-12-09T22:02:09+08:00 ] 127.0.0.1 /index.php/Admin/Index/Public/images/menu_minus.gif
INFO: [ app_init ] --START--
INFO: Run Behavior\BuildLiteBehavior [ RunTime:0.000020s ]
INFO: [ app_init ] --END-- [ RunTime:0.000623s ]

