[ 2017-07-26T18:38:55+08:00 ] 192.168.3.20 /index.php/Admin/Index/getTask.html
INFO: [ app_init ] --START--
INFO: Run Behavior\BuildLiteBehavior [ RunTime:0.000019s ]
INFO: [ app_init ] --END-- [ RunTime:0.000419s ]
INFO: [ app_begin ] --START--
INFO: Run Behavior\ReadHtmlCacheBehavior [ RunTime:0.000412s ]
INFO: [ app_begin ] --END-- [ RunTime:0.000492s ]
NOTIC: [8] Undefined index: expire D:\xiangmu\Common\functions.php 第 1464 行.
NOTIC: [8192] mysql_connect(): The mysql extension is deprecated and will be removed in the future: use mysqli or PDO instead D:\xiangmu\Library\Think\Db\Driver\Mysql.class.php 第 52 行.
SQL: SHOW COLUMNS FROM `oto_sys_configs` [ RunTime:0.010236s ]
SQL: SHOW COLUMNS FROM `oto_goods` [ RunTime:0.005381s ]
SQL: SHOW COLUMNS FROM `oto_goods` [ RunTime:0.005276s ]
SQL: select count(*) counts from oto_goods where goodsStatus=0 and goodsFlag=1 [ RunTime:0.000259s ]
SQL: SHOW COLUMNS FROM `oto_shops` [ RunTime:0.006067s ]
SQL: select count(*) counts from oto_shops where shopStatus=0 and shopFlag=1 [ RunTime:0.000251s ]

[ 2017-07-26T18:39:06+08:00 ] 192.168.3.20 /index.php/Admin/Index/getTask.html
INFO: [ app_init ] --START--
INFO: Run Behavior\BuildLiteBehavior [ RunTime:0.000018s ]
INFO: [ app_init ] --END-- [ RunTime:0.000448s ]
INFO: [ app_begin ] --START--
INFO: Run Behavior\ReadHtmlCacheBehavior [ RunTime:0.000444s ]
INFO: [ app_begin ] --END-- [ RunTime:0.000518s ]
NOTIC: [8] Undefined index: expire D:\xiangmu\Common\functions.php 第 1464 行.
NOTIC: [8192] mysql_connect(): The mysql extension is deprecated and will be removed in the future: use mysqli or PDO instead D:\xiangmu\Library\Think\Db\Driver\Mysql.class.php 第 52 行.
SQL: SHOW COLUMNS FROM `oto_sys_configs` [ RunTime:0.005276s ]
SQL: SHOW COLUMNS FROM `oto_goods` [ RunTime:0.006464s ]
SQL: SHOW COLUMNS FROM `oto_goods` [ RunTime:0.006104s ]
SQL: select count(*) counts from oto_goods where goodsStatus=0 and goodsFlag=1 [ RunTime:0.000257s ]
SQL: SHOW COLUMNS FROM `oto_shops` [ RunTime:0.005843s ]
SQL: select count(*) counts from oto_shops where shopStatus=0 and shopFlag=1 [ RunTime:0.000261s ]

[ 2017-07-26T18:39:17+08:00 ] 192.168.3.20 /index.php/Admin/Index/getTask.html
INFO: [ app_init ] --START--
INFO: Run Behavior\BuildLiteBehavior [ RunTime:0.000019s ]
INFO: [ app_init ] --END-- [ RunTime:0.000411s ]
INFO: [ app_begin ] --START--
INFO: Run Behavior\ReadHtmlCacheBehavior [ RunTime:0.000404s ]
INFO: [ app_begin ] --END-- [ RunTime:0.000478s ]
NOTIC: [8] Undefined index: expire D:\xiangmu\Common\functions.php 第 1464 行.
NOTIC: [8192] mysql_connect(): The mysql extension is deprecated and will be removed in the future: use mysqli or PDO instead D:\xiangmu\Library\Think\Db\Driver\Mysql.class.php 第 52 行.
SQL: SHOW COLUMNS FROM `oto_sys_configs` [ RunTime:0.005267s ]
SQL: SHOW COLUMNS FROM `oto_goods` [ RunTime:0.005264s ]
SQL: SHOW COLUMNS FROM `oto_goods` [ RunTime:0.006191s ]
SQL: select count(*) counts from oto_goods where goodsStatus=0 and goodsFlag=1 [ RunTime:0.000348s ]
SQL: SHOW COLUMNS FROM `oto_shops` [ RunTime:0.005863s ]
SQL: select count(*) counts from oto_shops where shopStatus=0 and shopFlag=1 [ RunTime:0.000331s ]

[ 2017-07-26T18:39:28+08:00 ] 192.168.3.20 /index.php/Admin/Index/getTask.html
INFO: [ app_init ] --START--
INFO: Run Behavior\BuildLiteBehavior [ RunTime:0.000018s ]
INFO: [ app_init ] --END-- [ RunTime:0.000406s ]
INFO: [ app_begin ] --START--
INFO: Run Behavior\ReadHtmlCacheBehavior [ RunTime:0.000403s ]
INFO: [ app_begin ] --END-- [ RunTime:0.000477s ]
NOTIC: [8] Undefined index: expire D:\xiangmu\Common\functions.php 第 1464 行.
NOTIC: [8192] mysql_connect(): The mysql extension is deprecated and will be removed in the future: use mysqli or PDO instead D:\xiangmu\Library\Think\Db\Driver\Mysql.class.php 第 52 行.
SQL: SHOW COLUMNS FROM `oto_sys_configs` [ RunTime:0.005781s ]
SQL: SHOW COLUMNS FROM `oto_goods` [ RunTime:0.005636s ]
SQL: SHOW COLUMNS FROM `oto_goods` [ RunTime:0.004845s ]
SQL: select count(*) counts from oto_goods where goodsStatus=0 and goodsFlag=1 [ RunTime:0.000277s ]
SQL: SHOW COLUMNS FROM `oto_shops` [ RunTime:0.005568s ]
SQL: select count(*) counts from oto_shops where shopStatus=0 and shopFlag=1 [ RunTime:0.000291s ]

[ 2017-07-26T18:39:39+08:00 ] 192.168.3.20 /index.php/Admin/Index/getTask.html
INFO: [ app_init ] --START--
INFO: Run Behavior\BuildLiteBehavior [ RunTime:0.000018s ]
INFO: [ app_init ] --END-- [ RunTime:0.000399s ]
INFO: [ app_begin ] --START--
INFO: Run Behavior\ReadHtmlCacheBehavior [ RunTime:0.000396s ]
INFO: [ app_begin ] --END-- [ RunTime:0.000473s ]
NOTIC: [8] Undefined index: expire D:\xiangmu\Common\functions.php 第 1464 行.
NOTIC: [8192] mysql_connect(): The mysql extension is deprecated and will be removed in the future: use mysqli or PDO instead D:\xiangmu\Library\Think\Db\Driver\Mysql.class.php 第 52 行.
SQL: SHOW COLUMNS FROM `oto_sys_configs` [ RunTime:0.005013s ]
SQL: SHOW COLUMNS FROM `oto_goods` [ RunTime:0.005694s ]
SQL: SHOW COLUMNS FROM `oto_goods` [ RunTime:0.005713s ]
SQL: select count(*) counts from oto_goods where goodsStatus=0 and goodsFlag=1 [ RunTime:0.000248s ]
SQL: SHOW COLUMNS FROM `oto_shops` [ RunTime:0.005147s ]
SQL: select count(*) counts from oto_shops where shopStatus=0 and shopFlag=1 [ RunTime:0.000317s ]

[ 2017-07-26T18:39:50+08:00 ] 192.168.3.20 /index.php/Admin/Index/getTask.html
INFO: [ app_init ] --START--
INFO: Run Behavior\BuildLiteBehavior [ RunTime:0.000019s ]
INFO: [ app_init ] --END-- [ RunTime:0.000370s ]
INFO: [ app_begin ] --START--
INFO: Run Behavior\ReadHtmlCacheBehavior [ RunTime:0.000390s ]
INFO: [ app_begin ] --END-- [ RunTime:0.000463s ]
NOTIC: [8] Undefined index: expire D:\xiangmu\Common\functions.php 第 1464 行.
NOTIC: [8192] mysql_connect(): The mysql extension is deprecated and will be removed in the future: use mysqli or PDO instead D:\xiangmu\Library\Think\Db\Driver\Mysql.class.php 第 52 行.
SQL: SHOW COLUMNS FROM `oto_sys_configs` [ RunTime:0.004635s ]
SQL: SHOW COLUMNS FROM `oto_goods` [ RunTime:0.005985s ]
SQL: SHOW COLUMNS FROM `oto_goods` [ RunTime:0.005968s ]
SQL: select count(*) counts from oto_goods where goodsStatus=0 and goodsFlag=1 [ RunTime:0.000346s ]
SQL: SHOW COLUMNS FROM `oto_shops` [ RunTime:0.005178s ]
SQL: select count(*) counts from oto_shops where shopStatus=0 and shopFlag=1 [ RunTime:0.000243s ]

[ 2017-07-26T18:40:01+08:00 ] 192.168.3.20 /index.php/Admin/Index/getTask.html
INFO: [ app_init ] --START--
INFO: Run Behavior\BuildLiteBehavior [ RunTime:0.000018s ]
INFO: [ app_init ] --END-- [ RunTime:0.000393s ]
INFO: [ app_begin ] --START--
INFO: Run Behavior\ReadHtmlCacheBehavior [ RunTime:0.000417s ]
INFO: [ app_begin ] --END-- [ RunTime:0.000490s ]
NOTIC: [8] Undefined index: expire D:\xiangmu\Common\functions.php 第 1464 行.
NOTIC: [8192] mysql_connect(): The mysql extension is deprecated and will be removed in the future: use mysqli or PDO instead D:\xiangmu\Library\Think\Db\Driver\Mysql.class.php 第 52 行.
SQL: SHOW COLUMNS FROM `oto_sys_configs` [ RunTime:0.005342s ]
SQL: SHOW COLUMNS FROM `oto_goods` [ RunTime:0.005771s ]
SQL: SHOW COLUMNS FROM `oto_goods` [ RunTime:0.005742s ]
SQL: select count(*) counts from oto_goods where goodsStatus=0 and goodsFlag=1 [ RunTime:0.000269s ]
SQL: SHOW COLUMNS FROM `oto_shops` [ RunTime:0.005379s ]
SQL: select count(*) counts from oto_shops where shopStatus=0 and shopFlag=1 [ RunTime:0.000239s ]

[ 2017-07-26T18:40:12+08:00 ] 192.168.3.20 /index.php/Admin/Index/getTask.html
INFO: [ app_init ] --START--
INFO: Run Behavior\BuildLiteBehavior [ RunTime:0.000019s ]
INFO: [ app_init ] --END-- [ RunTime:0.000442s ]
INFO: [ app_begin ] --START--
INFO: Run Behavior\ReadHtmlCacheBehavior [ RunTime:0.000410s ]
INFO: [ app_begin ] --END-- [ RunTime:0.000484s ]
NOTIC: [8] Undefined index: expire D:\xiangmu\Common\functions.php 第 1464 行.
NOTIC: [8192] mysql_connect(): The mysql extension is deprecated and will be removed in the future: use mysqli or PDO instead D:\xiangmu\Library\Think\Db\Driver\Mysql.class.php 第 52 行.
SQL: SHOW COLUMNS FROM `oto_sys_configs` [ RunTime:0.005241s ]
SQL: SHOW COLUMNS FROM `oto_goods` [ RunTime:0.006082s ]
SQL: SHOW COLUMNS FROM `oto_goods` [ RunTime:0.005450s ]
SQL: select count(*) counts from oto_goods where goodsStatus=0 and goodsFlag=1 [ RunTime:0.000293s ]
SQL: SHOW COLUMNS FROM `oto_shops` [ RunTime:0.005553s ]
SQL: select count(*) counts from oto_shops where shopStatus=0 and shopFlag=1 [ RunTime:0.000585s ]

[ 2017-07-26T18:40:23+08:00 ] 192.168.3.20 /index.php/Admin/Index/getTask.html
INFO: [ app_init ] --START--
INFO: Run Behavior\BuildLiteBehavior [ RunTime:0.000021s ]
INFO: [ app_init ] --END-- [ RunTime:0.000449s ]
INFO: [ app_begin ] --START--
INFO: Run Behavior\ReadHtmlCacheBehavior [ RunTime:0.000440s ]
INFO: [ app_begin ] --END-- [ RunTime:0.000523s ]
NOTIC: [8] Undefined index: expire D:\xiangmu\Common\functions.php 第 1464 行.
NOTIC: [8192] mysql_connect(): The mysql extension is deprecated and will be removed in the future: use mysqli or PDO instead D:\xiangmu\Library\Think\Db\Driver\Mysql.class.php 第 52 行.
SQL: SHOW COLUMNS FROM `oto_sys_configs` [ RunTime:0.005898s ]
SQL: SHOW COLUMNS FROM `oto_goods` [ RunTime:0.005824s ]
SQL: SHOW COLUMNS FROM `oto_goods` [ RunTime:0.005355s ]
SQL: select count(*) counts from oto_goods where goodsStatus=0 and goodsFlag=1 [ RunTime:0.000318s ]
SQL: SHOW COLUMNS FROM `oto_shops` [ RunTime:0.005526s ]
SQL: select count(*) counts from oto_shops where shopStatus=0 and shopFlag=1 [ RunTime:0.000241s ]

[ 2017-07-26T18:40:34+08:00 ] 192.168.3.20 /index.php/Admin/Index/getTask.html
INFO: [ app_init ] --START--
INFO: Run Behavior\BuildLiteBehavior [ RunTime:0.000022s ]
INFO: [ app_init ] --END-- [ RunTime:0.000433s ]
INFO: [ app_begin ] --START--
INFO: Run Behavior\ReadHtmlCacheBehavior [ RunTime:0.000480s ]
INFO: [ app_begin ] --END-- [ RunTime:0.000567s ]
NOTIC: [8] Undefined index: expire D:\xiangmu\Common\functions.php 第 1464 行.
NOTIC: [8192] mysql_connect(): The mysql extension is deprecated and will be removed in the future: use mysqli or PDO instead D:\xiangmu\Library\Think\Db\Driver\Mysql.class.php 第 52 行.
SQL: SHOW COLUMNS FROM `oto_sys_configs` [ RunTime:0.005575s ]
SQL: SHOW COLUMNS FROM `oto_goods` [ RunTime:0.006063s ]
SQL: SHOW COLUMNS FROM `oto_goods` [ RunTime:0.004812s ]
SQL: select count(*) counts from oto_goods where goodsStatus=0 and goodsFlag=1 [ RunTime:0.000354s ]
SQL: SHOW COLUMNS FROM `oto_shops` [ RunTime:0.005866s ]
SQL: select count(*) counts from oto_shops where shopStatus=0 and shopFlag=1 [ RunTime:0.000364s ]

